
> pitstop-sdk55@1.0.0 start
> expo start --clear --port 8082

Starting project at D:\Proyectos\pitstop-sdk55
Using src/app as the root directory for Expo Router.
React Compiler enabled
Starting Metro Bundler

warning: Bundler cache is empty, rebuilding (this may take a minute)
Waiting on http://localhost:8082
Logs for your project will appear below.
Web .\index.js ░░░░░░░░░░░░░░░░  0.0% (0/1)
Web .\index.js ▓░░░░░░░░░░░░░░░ 11.1% ( 4/12)
λ node_modules\expo\node_modules\@expo\cli\node_modules\@expo\router-server\node\render.js ░░░░░░░░░░░░░░░░  1.0% (1/2)
Web .\index.js ▓▓▓▓▓░░░░░░░░░░░ 36.0% (37/62)
λ node_modules\expo\node_modules\@expo\cli\node_modules\@expo\router-server\node\render.js ▓▓░░░░░░░░░░░░░░ 16.0% (16/40)
Web .\index.js ▓▓▓▓▓▓▓░░░░░░░░░ 48.5% (62/89)
λ node_modules\expo\node_modules\@expo\cli\node_modules\@expo\router-server\node\render.js ▓▓▓░░░░░░░░░░░░░ 20.7% ( 53/150)
Web .\index.js ▓▓▓▓▓▓▓░░░░░░░░░ 49.4% ( 97/138)
λ node_modules\expo\node_modules\@expo\cli\node_modules\@expo\router-server\node\render.js ▓▓▓░░░░░░░░░░░░░ 23.3% (125/283)
Web .\index.js ▓▓▓▓▓▓▓▓▓▓░░░░░░ 68.7% (128/159)
λ node_modules\expo\node_modules\@expo\cli\node_modules\@expo\router-server\node\render.js ▓▓▓░░░░░░░░░░░░░ 23.3% (194/407)
Web .\index.js ▓▓▓▓▓▓▓▓▓▓░░░░░░ 68.7% (128/159)
λ node_modules\expo\node_modules\@expo\cli\node_modules\@expo\router-server\node\render.js ▓▓▓▓▓▓░░░░░░░░░░ 43.0% (354/564)
Web .\index.js ▓▓▓▓▓▓▓▓▓▓▓▓░░░░ 76.8% (177/202)
λ node_modules\expo\node_modules\@expo\cli\node_modules\@expo\router-server\node\render.js ▓▓▓▓▓▓▓░░░░░░░░░ 48.7% (480/690)
Web .\index.js ▓▓▓▓▓▓▓▓▓▓▓▓░░░░ 78.7% (181/204)
λ node_modules\expo\node_modules\@expo\cli\node_modules\@expo\router-server\node\render.js ▓▓▓▓▓▓▓▓░░░░░░░░ 52.3% (570/844)
Web .\index.js ▓▓▓▓▓▓▓▓▓▓▓▓▓░░░ 82.5% (196/220)
λ node_modules\expo\node_modules\@expo\cli\node_modules\@expo\router-server\node\render.js ▓▓▓▓▓▓▓▓▓▓░░░░░░ 62.5% (730/925)
Web .\index.js ▓▓▓▓▓▓▓▓▓▓▓▓▓░░░ 82.5% (196/220)
λ node_modules\expo\node_modules\@expo\cli\node_modules\@expo\router-server\node\render.js ▓▓▓▓▓▓▓▓▓▓▓░░░░░ 70.6% ( 853/1015)
Web .\index.js ▓▓▓▓▓▓▓▓▓▓▓▓▓▓▓░ 95.7% (227/232)
λ node_modules\expo\node_modules\@expo\cli\node_modules\@expo\router-server\node\render.js ▓▓▓▓▓▓▓▓▓▓▓▓▓▓░░ 90.9% (1040/1099)
Web Bundled 43009ms index.js (232 modules)
λ node_modules\expo\node_modules\@expo\cli\node_modules\@expo\router-server\node\render.js ▓▓▓▓▓▓▓▓▓▓▓▓▓▓▓░ 97.8% (1244/1258)
λ Bundled 44899ms node_modules\expo\node_modules\@expo\cli\node_modules\@expo\router-server\node\render.js (1262 modules)
Web Bundled 2499ms index.js (245 modules)
 LOG  [web] Logs will appear in the browser console
Unable to resolve "../styles/appStyles" from "src\components\AppButton.js"
[0m [90m 1 |[39m [36mimport[39m { [33mText[39m[33m,[39m [33mTouchableOpacity[39m } [36mfrom[39m [32m'react-native'[39m[33m;[39m
 [90m 2 |[39m
[31m[1m>[22m[39m[90m 3 |[39m [36mimport[39m { styles } [36mfrom[39m [32m'../styles/appStyles'[39m[33m;[39m
 [90m   |[39m                         [31m[1m^[22m[39m
 [90m 4 |[39m
 [90m 5 |[39m [36mconst[39m buttonStyles [33m=[39m {
 [90m 6 |[39m   primary[33m:[39m {[0m

Import stack:

 src\components\AppButton.js
 | import "../styles/appStyles"

 src\screens\LoginScreen.js
 | import "../components/AppButton"

 App.js
 | import "./src/screens/LoginScreen"

 index.js
 | import "./App"

 
 | import "./index"

Unable to resolve "../styles/appStyles" from "src\components\AppButton.js"
[0m [90m 1 |[39m [36mimport[39m { [33mText[39m[33m,[39m [33mTouchableOpacity[39m } [36mfrom[39m [32m'react-native'[39m[33m;[39m
 [90m 2 |[39m
[31m[1m>[22m[39m[90m 3 |[39m [36mimport[39m { styles } [36mfrom[39m [32m'../styles/appStyles'[39m[33m;[39m
 [90m   |[39m                         [31m[1m^[22m[39m
 [90m 4 |[39m
 [90m 5 |[39m [36mconst[39m buttonStyles [33m=[39m {
 [90m 6 |[39m   primary[33m:[39m {[0m

Import stack:

 src\components\AppButton.js
 | import "../styles/appStyles"

 src\screens\LoginScreen.js
 | import "../components/AppButton"

 App.js
 | import "./src/screens/LoginScreen"

 index.js
 | import "./App"

 
 | import "./index"

